2025-05-10 11:29:09,919 - INFO - Logging initialized at level INFO
2025-05-10 11:29:09,921 - INFO - Webhook URL encrypted and stored at C:\Users\phine\.supremebot\webhook.enc
2025-05-10 11:29:09,922 - INFO - Webhook URL encrypted and stored securely
2025-05-10 11:29:09,932 - INFO - Loaded 4 proxies from ../proxies.txt
2025-05-10 11:29:09,933 - INFO - Pre-validating 4 proxies...
2025-05-10 11:29:09,935 - INFO - Removing invalid proxy during pre-validation: # [High Anonymous / Level1 Proxies (0)]
2025-05-10 11:29:09,935 - INFO - Webhook URL encrypted and stored at C:\Users\phine\.supremebot\webhook.enc
2025-05-10 11:29:09,936 - INFO - Starting Medium bot in full engagement mode...
2025-05-10 11:29:09,936 - INFO - Removing invalid proxy during pre-validation: # [Anonymous / Level2 Proxies (0)]
2025-05-10 11:29:09,936 - INFO - Starting ViewBot targeting: https://medium.com/@cgpt/is-vibe-coding-cheating-or-the-future-of-programming-in-the-workplace-216fe9d5084d
2025-05-10 11:29:09,938 - INFO - Configuration: {'target_url': 'https://medium.com/@cgpt/is-vibe-coding-cheating-or-the-future-of-programming-in-the-workplace-216fe9d5084d', 'webhook_url': 'https://discord.com/api/webhooks/1370671462834507776/eMZv5eOANzLUa-eIU4679FinYLTuFVMxnF1LL_sqlRj1Q84MQld5VOvM-fhYBf1ftsp9', 'captcha_api_key': '80969a6e419944cb1ccc4efa737188a4', 'max_concurrent_threads': 7, 'requests_per_thread': <function update_from_args.<locals>.<lambda> at 0x000001DDB4D965C0>, 'delay_between_requests': <function update_from_args.<locals>.<lambda> at 0x000001DDB4D96480>, 'use_tor': False, 'use_freedium': False, 'prefer_email_login': True, 'verify_ssl': False, 'browser_timeout': 90, 'headless': False, 'read_time_min': 45, 'read_time_max': 180, 'clap_probability': 0.6, 'comment_probability': 0.2, 'follow_probability': 0.3, 'max_retries': 3, 'retry_delay': 5, 'log_level': 20, 'log_file': 'botnet.log', 'proxy_file': '../proxies.txt', 'account_file': 'accounts.json', 'starting_articles': ['https://medium.com/the-narrative-arc/if-you-want-to-be-a-writer-maybe-read-this-first-okay-54a341d293e6'], 'comment_text': 'Great video! Really enjoyed this content. Keep it up!', 'youtube_max_video_length': 600, 'config_dir': 'C:\\Users\\phine\\.supremebot'}
2025-05-10 11:29:09,939 - INFO - Starting 7 view workers...
2025-05-10 11:29:09,940 - INFO - Starting 2 interaction workers...
2025-05-10 11:29:09,941 - INFO - Removing invalid proxy during pre-validation: # [Transparent / Level3 Proxies (0)]
2025-05-10 11:29:09,947 - WARNING - No working proxies available for view worker, waiting...
2025-05-10 11:29:09,948 - WARNING - No working proxies available for view worker, waiting...
2025-05-10 11:29:09,948 - WARNING - No working proxies available for view worker, waiting...
2025-05-10 11:29:09,949 - WARNING - No working proxies available for interaction worker, waiting...
2025-05-10 11:29:09,949 - INFO - Removing invalid proxy during pre-validation: # [Https Proxies (0)]
2025-05-10 11:29:09,949 - INFO - === ViewBot Stats [00:00:00] ===
2025-05-10 11:29:09,950 - INFO - Pre-validation complete. 0 valid proxies available.
2025-05-10 11:29:09,950 - INFO - Views: 0 (0.0/hour)
2025-05-10 11:29:09,951 - INFO - Claps: 0 (0.0/hour)
2025-05-10 11:29:09,951 - INFO - Comments: 0 (0.0/hour)
2025-05-10 11:29:09,952 - INFO - Follows: 0
2025-05-10 11:29:09,952 - INFO - Success rate: 0.0%
2025-05-10 11:29:09,952 - INFO - Proxies: 4/4 (0.0% success)
2025-05-10 11:29:10,321 - ERROR - Error sending view request: #%20%5BHttps%20Proxies%20(0)%5D
2025-05-10 11:29:10,327 - ERROR - Error sending view request: #%20%5BAnonymous%20/%20Level2%20Proxies%20(0)%5D
2025-05-10 11:29:10,328 - ERROR - Error sending view request: #%20%5BHigh%20Anonymous%20/%20Level1%20Proxies%20(0)%5D
2025-05-10 11:29:10,328 - ERROR - Error sending view request: #%20%5BTransparent%20/%20Level3%20Proxies%20(0)%5D
2025-05-10 11:29:36,338 - WARNING - No working proxies available for view worker, waiting...
2025-05-10 11:29:36,340 - WARNING - No working proxies available for view worker, waiting...
2025-05-10 11:29:36,340 - WARNING - No working proxies available for view worker, waiting...
2025-05-10 11:29:36,341 - WARNING - No working proxies available for view worker, waiting...
2025-05-10 11:29:39,939 - WARNING - No working proxies available for view worker, waiting...
2025-05-10 11:29:39,939 - WARNING - No working proxies available for view worker, waiting...
2025-05-10 11:29:39,969 - WARNING - No working proxies available for view worker, waiting...
2025-05-10 11:30:06,352 - WARNING - No working proxies available for view worker, waiting...
2025-05-10 11:30:06,353 - WARNING - No working proxies available for view worker, waiting...
2025-05-10 11:30:06,353 - WARNING - No working proxies available for view worker, waiting...
2025-05-10 11:30:06,355 - WARNING - No working proxies available for view worker, waiting...
2025-05-10 11:30:09,942 - WARNING - No working proxies available for view worker, waiting...
2025-05-10 11:30:09,942 - WARNING - No working proxies available for view worker, waiting...
2025-05-10 11:30:09,988 - WARNING - No working proxies available for view worker, waiting...
2025-05-10 11:30:36,355 - WARNING - No working proxies available for view worker, waiting...
2025-05-10 11:30:36,355 - WARNING - No working proxies available for view worker, waiting...
2025-05-10 11:30:36,355 - WARNING - No working proxies available for view worker, waiting...
2025-05-10 11:30:36,356 - WARNING - No working proxies available for view worker, waiting...
2025-05-10 11:30:39,942 - WARNING - No working proxies available for view worker, waiting...
2025-05-10 11:30:39,943 - WARNING - No working proxies available for view worker, waiting...
2025-05-10 11:30:40,004 - WARNING - No working proxies available for view worker, waiting...
2025-05-10 11:31:06,371 - WARNING - No working proxies available for view worker, waiting...
2025-05-10 11:31:06,371 - WARNING - No working proxies available for view worker, waiting...
2025-05-10 11:31:06,371 - WARNING - No working proxies available for view worker, waiting...
2025-05-10 11:31:06,372 - WARNING - No working proxies available for view worker, waiting...
2025-05-10 11:31:09,946 - WARNING - No working proxies available for view worker, waiting...
2025-05-10 11:31:09,946 - WARNING - No working proxies available for view worker, waiting...
2025-05-10 11:31:10,025 - WARNING - No working proxies available for view worker, waiting...
2025-05-10 11:31:36,394 - WARNING - No working proxies available for view worker, waiting...
2025-05-10 11:31:36,394 - WARNING - No working proxies available for view worker, waiting...
2025-05-10 11:31:36,394 - WARNING - No working proxies available for view worker, waiting...
2025-05-10 11:31:36,395 - WARNING - No working proxies available for view worker, waiting...
2025-05-10 11:31:39,950 - WARNING - No working proxies available for view worker, waiting...
2025-05-10 11:31:39,951 - WARNING - No working proxies available for view worker, waiting...
2025-05-10 11:31:40,028 - WARNING - No working proxies available for view worker, waiting...
2025-05-10 11:32:06,393 - WARNING - No working proxies available for view worker, waiting...
2025-05-10 11:32:06,393 - WARNING - No working proxies available for view worker, waiting...
2025-05-10 11:32:06,393 - WARNING - No working proxies available for view worker, waiting...
2025-05-10 11:32:06,394 - WARNING - No working proxies available for view worker, waiting...
2025-05-10 11:32:09,962 - WARNING - No working proxies available for view worker, waiting...
2025-05-10 11:32:09,962 - WARNING - No working proxies available for view worker, waiting...
2025-05-10 11:32:10,041 - WARNING - No working proxies available for view worker, waiting...
2025-05-10 11:32:36,405 - WARNING - No working proxies available for view worker, waiting...
2025-05-10 11:32:36,406 - WARNING - No working proxies available for view worker, waiting...
2025-05-10 11:32:36,406 - WARNING - No working proxies available for view worker, waiting...
2025-05-10 11:32:36,406 - WARNING - No working proxies available for view worker, waiting...
2025-05-10 11:32:39,964 - WARNING - No working proxies available for view worker, waiting...
2025-05-10 11:32:39,965 - WARNING - No working proxies available for view worker, waiting...
2025-05-10 11:32:40,043 - WARNING - No working proxies available for view worker, waiting...
2025-05-10 11:33:06,415 - WARNING - No working proxies available for view worker, waiting...
2025-05-10 11:33:06,416 - WARNING - No working proxies available for view worker, waiting...
2025-05-10 11:33:06,416 - WARNING - No working proxies available for view worker, waiting...
2025-05-10 11:33:06,417 - WARNING - No working proxies available for view worker, waiting...
2025-05-10 11:33:09,993 - WARNING - No working proxies available for view worker, waiting...
2025-05-10 11:33:09,994 - WARNING - No working proxies available for view worker, waiting...
2025-05-10 11:33:10,056 - WARNING - No working proxies available for view worker, waiting...
2025-05-10 11:33:36,425 - WARNING - No working proxies available for view worker, waiting...
2025-05-10 11:33:36,425 - WARNING - No working proxies available for view worker, waiting...
2025-05-10 11:33:36,425 - WARNING - No working proxies available for view worker, waiting...
2025-05-10 11:33:36,425 - WARNING - No working proxies available for view worker, waiting...
2025-05-10 11:33:39,999 - WARNING - No working proxies available for view worker, waiting...
2025-05-10 11:33:40,000 - WARNING - No working proxies available for view worker, waiting...
2025-05-10 11:33:40,061 - WARNING - No working proxies available for view worker, waiting...
2025-05-10 11:34:06,433 - WARNING - No working proxies available for view worker, waiting...
2025-05-10 11:34:06,433 - WARNING - No working proxies available for view worker, waiting...
2025-05-10 11:34:06,433 - WARNING - No working proxies available for view worker, waiting...
2025-05-10 11:34:06,433 - WARNING - No working proxies available for view worker, waiting...
2025-05-10 11:34:10,013 - WARNING - No working proxies available for view worker, waiting...
2025-05-10 11:34:10,013 - WARNING - No working proxies available for view worker, waiting...
2025-05-10 11:34:10,074 - WARNING - No working proxies available for view worker, waiting...
2025-05-10 11:34:10,323 - INFO - === ViewBot Stats [00:05:00] ===
2025-05-10 11:34:10,324 - INFO - Views: 0 (0.0/hour)
2025-05-10 11:34:10,325 - INFO - Claps: 0 (0.0/hour)
2025-05-10 11:34:10,326 - INFO - Comments: 0 (0.0/hour)
2025-05-10 11:34:10,327 - INFO - Follows: 0
2025-05-10 11:34:10,327 - INFO - Success rate: 0.0%
2025-05-10 11:34:10,328 - INFO - Proxies: 0/0 (0.0% success)
2025-05-10 11:34:36,448 - WARNING - No working proxies available for view worker, waiting...
2025-05-10 11:34:36,448 - WARNING - No working proxies available for view worker, waiting...
2025-05-10 11:34:36,448 - WARNING - No working proxies available for view worker, waiting...
2025-05-10 11:34:36,448 - WARNING - No working proxies available for view worker, waiting...
2025-05-10 11:34:40,025 - WARNING - No working proxies available for view worker, waiting...
2025-05-10 11:34:40,026 - WARNING - No working proxies available for view worker, waiting...
2025-05-10 11:34:40,104 - WARNING - No working proxies available for view worker, waiting...
2025-05-10 11:35:06,467 - WARNING - No working proxies available for view worker, waiting...
2025-05-10 11:35:06,467 - WARNING - No working proxies available for view worker, waiting...
2025-05-10 11:35:06,468 - WARNING - No working proxies available for view worker, waiting...
2025-05-10 11:35:06,468 - WARNING - No working proxies available for view worker, waiting...
2025-05-10 11:35:10,024 - WARNING - No working proxies available for view worker, waiting...
2025-05-10 11:35:10,024 - WARNING - No working proxies available for view worker, waiting...
2025-05-10 11:35:10,118 - WARNING - No working proxies available for view worker, waiting...
2025-05-10 11:35:36,492 - WARNING - No working proxies available for view worker, waiting...
2025-05-10 11:35:36,493 - WARNING - No working proxies available for view worker, waiting...
2025-05-10 11:35:36,493 - WARNING - No working proxies available for view worker, waiting...
2025-05-10 11:35:36,493 - WARNING - No working proxies available for view worker, waiting...
2025-05-10 11:35:40,029 - WARNING - No working proxies available for view worker, waiting...
2025-05-10 11:35:40,029 - WARNING - No working proxies available for view worker, waiting...
2025-05-10 11:35:40,108 - WARNING - No working proxies available for view worker, waiting...
2025-05-10 11:36:06,488 - WARNING - No working proxies available for view worker, waiting...
2025-05-10 11:36:06,488 - WARNING - No working proxies available for view worker, waiting...
2025-05-10 11:36:06,489 - WARNING - No working proxies available for view worker, waiting...
2025-05-10 11:36:06,489 - WARNING - No working proxies available for view worker, waiting...
2025-05-10 11:36:10,042 - WARNING - No working proxies available for view worker, waiting...
2025-05-10 11:36:10,042 - WARNING - No working proxies available for view worker, waiting...
2025-05-10 11:36:10,120 - WARNING - No working proxies available for view worker, waiting...
2025-05-10 11:36:36,492 - WARNING - No working proxies available for view worker, waiting...
2025-05-10 11:36:36,493 - WARNING - No working proxies available for view worker, waiting...
2025-05-10 11:36:36,493 - WARNING - No working proxies available for view worker, waiting...
2025-05-10 11:36:36,494 - WARNING - No working proxies available for view worker, waiting...
2025-05-10 11:36:40,060 - WARNING - No working proxies available for view worker, waiting...
2025-05-10 11:36:40,060 - WARNING - No working proxies available for view worker, waiting...
2025-05-10 11:36:40,138 - WARNING - No working proxies available for view worker, waiting...
2025-05-10 11:37:06,486 - WARNING - No working proxies available for view worker, waiting...
2025-05-10 11:37:06,486 - WARNING - No working proxies available for view worker, waiting...
2025-05-10 11:37:06,486 - WARNING - No working proxies available for view worker, waiting...
2025-05-10 11:37:06,486 - WARNING - No working proxies available for view worker, waiting...
2025-05-10 11:37:10,067 - WARNING - No working proxies available for view worker, waiting...
2025-05-10 11:37:10,068 - WARNING - No working proxies available for view worker, waiting...
2025-05-10 11:37:10,160 - WARNING - No working proxies available for view worker, waiting...
2025-05-10 11:37:36,500 - WARNING - No working proxies available for view worker, waiting...
2025-05-10 11:37:36,501 - WARNING - No working proxies available for view worker, waiting...
2025-05-10 11:37:36,502 - WARNING - No working proxies available for view worker, waiting...
2025-05-10 11:37:36,503 - WARNING - No working proxies available for view worker, waiting...
2025-05-10 11:37:40,074 - WARNING - No working proxies available for view worker, waiting...
2025-05-10 11:37:40,075 - WARNING - No working proxies available for view worker, waiting...
2025-05-10 11:37:40,169 - WARNING - No working proxies available for view worker, waiting...
2025-05-10 11:38:06,501 - WARNING - No working proxies available for view worker, waiting...
2025-05-10 11:38:06,501 - WARNING - No working proxies available for view worker, waiting...
2025-05-10 11:38:06,501 - WARNING - No working proxies available for view worker, waiting...
2025-05-10 11:38:06,501 - WARNING - No working proxies available for view worker, waiting...
2025-05-10 11:38:10,093 - WARNING - No working proxies available for view worker, waiting...
2025-05-10 11:38:10,093 - WARNING - No working proxies available for view worker, waiting...
2025-05-10 11:38:10,185 - WARNING - No working proxies available for view worker, waiting...
2025-05-10 11:38:36,512 - WARNING - No working proxies available for view worker, waiting...
2025-05-10 11:38:36,512 - WARNING - No working proxies available for view worker, waiting...
2025-05-10 11:38:36,513 - WARNING - No working proxies available for view worker, waiting...
2025-05-10 11:38:36,513 - WARNING - No working proxies available for view worker, waiting...
2025-05-10 11:38:40,092 - WARNING - No working proxies available for view worker, waiting...
2025-05-10 11:38:40,094 - WARNING - No working proxies available for view worker, waiting...
2025-05-10 11:38:40,200 - WARNING - No working proxies available for view worker, waiting...
2025-05-10 11:39:06,519 - WARNING - No working proxies available for view worker, waiting...
2025-05-10 11:39:06,519 - WARNING - No working proxies available for view worker, waiting...
2025-05-10 11:39:06,519 - WARNING - No working proxies available for view worker, waiting...
2025-05-10 11:39:06,519 - WARNING - No working proxies available for view worker, waiting...
2025-05-10 11:39:10,098 - WARNING - No working proxies available for view worker, waiting...
2025-05-10 11:39:10,099 - WARNING - No working proxies available for view worker, waiting...
2025-05-10 11:39:10,223 - WARNING - No working proxies available for view worker, waiting...
2025-05-10 11:39:10,714 - INFO - === ViewBot Stats [00:10:00] ===
2025-05-10 11:39:10,714 - INFO - Views: 0 (0.0/hour)
2025-05-10 11:39:10,715 - INFO - Claps: 0 (0.0/hour)
2025-05-10 11:39:10,716 - INFO - Comments: 0 (0.0/hour)
2025-05-10 11:39:10,717 - INFO - Follows: 0
2025-05-10 11:39:10,718 - INFO - Success rate: 0.0%
2025-05-10 11:39:10,718 - INFO - Proxies: 0/0 (0.0% success)
2025-05-10 11:39:36,529 - WARNING - No working proxies available for view worker, waiting...
2025-05-10 11:39:36,530 - WARNING - No working proxies available for view worker, waiting...
2025-05-10 11:39:36,531 - WARNING - No working proxies available for view worker, waiting...
2025-05-10 11:39:36,532 - WARNING - No working proxies available for view worker, waiting...
2025-05-10 11:39:40,103 - WARNING - No working proxies available for view worker, waiting...
2025-05-10 11:39:40,103 - WARNING - No working proxies available for view worker, waiting...
2025-05-10 11:39:40,227 - WARNING - No working proxies available for view worker, waiting...
2025-05-10 11:40:06,554 - WARNING - No working proxies available for view worker, waiting...
2025-05-10 11:40:06,555 - WARNING - No working proxies available for view worker, waiting...
2025-05-10 11:40:06,555 - WARNING - No working proxies available for view worker, waiting...
2025-05-10 11:40:06,556 - WARNING - No working proxies available for view worker, waiting...
2025-05-10 11:40:10,107 - WARNING - No working proxies available for view worker, waiting...
2025-05-10 11:40:10,107 - WARNING - No working proxies available for view worker, waiting...
2025-05-10 11:40:10,216 - WARNING - No working proxies available for view worker, waiting...
2025-05-10 11:40:36,547 - WARNING - No working proxies available for view worker, waiting...
2025-05-10 11:40:36,548 - WARNING - No working proxies available for view worker, waiting...
2025-05-10 11:40:36,549 - WARNING - No working proxies available for view worker, waiting...
2025-05-10 11:40:36,550 - WARNING - No working proxies available for view worker, waiting...
2025-05-10 11:40:40,118 - WARNING - No working proxies available for view worker, waiting...
2025-05-10 11:40:40,119 - WARNING - No working proxies available for view worker, waiting...
2025-05-10 11:40:40,227 - WARNING - No working proxies available for view worker, waiting...
2025-05-10 11:41:06,557 - WARNING - No working proxies available for view worker, waiting...
2025-05-10 11:41:06,557 - WARNING - No working proxies available for view worker, waiting...
2025-05-10 11:41:06,557 - WARNING - No working proxies available for view worker, waiting...
2025-05-10 11:41:06,557 - WARNING - No working proxies available for view worker, waiting...
2025-05-10 11:41:10,118 - WARNING - No working proxies available for view worker, waiting...
2025-05-10 11:41:10,149 - WARNING - No working proxies available for view worker, waiting...
2025-05-10 11:41:10,242 - WARNING - No working proxies available for view worker, waiting...
2025-05-10 11:41:36,585 - WARNING - No working proxies available for view worker, waiting...
2025-05-10 11:41:36,586 - WARNING - No working proxies available for view worker, waiting...
2025-05-10 11:41:36,587 - WARNING - No working proxies available for view worker, waiting...
2025-05-10 11:41:36,588 - WARNING - No working proxies available for view worker, waiting...
2025-05-10 11:41:40,107 - WARNING - No working proxies available for view worker, waiting...
2025-05-10 11:41:40,154 - WARNING - No working proxies available for view worker, waiting...
2025-05-10 11:41:40,247 - WARNING - No working proxies available for view worker, waiting...
2025-05-10 11:42:06,583 - WARNING - No working proxies available for view worker, waiting...
2025-05-10 11:42:06,585 - WARNING - No working proxies available for view worker, waiting...
2025-05-10 11:42:06,586 - WARNING - No working proxies available for view worker, waiting...
2025-05-10 11:42:06,587 - WARNING - No working proxies available for view worker, waiting...
2025-05-10 11:42:10,133 - WARNING - No working proxies available for view worker, waiting...
2025-05-10 11:42:10,180 - WARNING - No working proxies available for view worker, waiting...
2025-05-10 11:42:10,274 - WARNING - No working proxies available for view worker, waiting...
2025-05-10 11:42:36,598 - WARNING - No working proxies available for view worker, waiting...
2025-05-10 11:42:36,599 - WARNING - No working proxies available for view worker, waiting...
2025-05-10 11:42:36,600 - WARNING - No working proxies available for view worker, waiting...
2025-05-10 11:42:36,600 - WARNING - No working proxies available for view worker, waiting...
2025-05-10 11:42:40,139 - WARNING - No working proxies available for view worker, waiting...
2025-05-10 11:42:40,185 - WARNING - No working proxies available for view worker, waiting...
2025-05-10 11:42:40,279 - WARNING - No working proxies available for view worker, waiting...
2025-05-10 11:43:06,602 - WARNING - No working proxies available for view worker, waiting...
2025-05-10 11:43:06,603 - WARNING - No working proxies available for view worker, waiting...
2025-05-10 11:43:06,604 - WARNING - No working proxies available for view worker, waiting...
2025-05-10 11:43:06,605 - WARNING - No working proxies available for view worker, waiting...
2025-05-10 11:43:10,140 - WARNING - No working proxies available for view worker, waiting...
2025-05-10 11:43:10,204 - WARNING - No working proxies available for view worker, waiting...
2025-05-10 11:43:10,297 - WARNING - No working proxies available for view worker, waiting...
2025-05-10 11:43:36,600 - WARNING - No working proxies available for view worker, waiting...
2025-05-10 11:43:36,631 - WARNING - No working proxies available for view worker, waiting...
2025-05-10 11:43:36,632 - WARNING - No working proxies available for view worker, waiting...
2025-05-10 11:43:36,632 - WARNING - No working proxies available for view worker, waiting...
2025-05-10 11:43:40,154 - WARNING - No working proxies available for view worker, waiting...
2025-05-10 11:43:40,217 - WARNING - No working proxies available for view worker, waiting...
2025-05-10 11:43:40,311 - WARNING - No working proxies available for view worker, waiting...
2025-05-10 11:44:06,598 - WARNING - No working proxies available for view worker, waiting...
2025-05-10 11:44:06,645 - WARNING - No working proxies available for view worker, waiting...
2025-05-10 11:44:06,646 - WARNING - No working proxies available for view worker, waiting...
2025-05-10 11:44:06,647 - WARNING - No working proxies available for view worker, waiting...
2025-05-10 11:44:10,178 - WARNING - No working proxies available for view worker, waiting...
2025-05-10 11:44:10,240 - WARNING - No working proxies available for view worker, waiting...
2025-05-10 11:44:10,333 - WARNING - No working proxies available for view worker, waiting...
2025-05-10 11:44:11,097 - INFO - === ViewBot Stats [00:15:01] ===
2025-05-10 11:44:11,097 - INFO - Views: 0 (0.0/hour)
2025-05-10 11:44:11,098 - INFO - Claps: 0 (0.0/hour)
2025-05-10 11:44:11,098 - INFO - Comments: 0 (0.0/hour)
2025-05-10 11:44:11,098 - INFO - Follows: 0
2025-05-10 11:44:11,099 - INFO - Success rate: 0.0%
2025-05-10 11:44:11,099 - INFO - Proxies: 0/0 (0.0% success)
2025-05-10 11:44:36,604 - WARNING - No working proxies available for view worker, waiting...
2025-05-10 11:44:36,666 - WARNING - No working proxies available for view worker, waiting...
2025-05-10 11:44:36,666 - WARNING - No working proxies available for view worker, waiting...
2025-05-10 11:44:36,666 - WARNING - No working proxies available for view worker, waiting...
2025-05-10 11:44:40,185 - WARNING - No working proxies available for view worker, waiting...
2025-05-10 11:44:40,249 - WARNING - No working proxies available for view worker, waiting...
2025-05-10 11:44:40,341 - WARNING - No working proxies available for view worker, waiting...
2025-05-10 11:45:06,603 - WARNING - No working proxies available for view worker, waiting...
2025-05-10 11:45:06,680 - WARNING - No working proxies available for view worker, waiting...
2025-05-10 11:45:06,681 - WARNING - No working proxies available for view worker, waiting...
2025-05-10 11:45:06,681 - WARNING - No working proxies available for view worker, waiting...
2025-05-10 11:45:10,199 - WARNING - No working proxies available for view worker, waiting...
2025-05-10 11:45:10,260 - WARNING - No working proxies available for view worker, waiting...
2025-05-10 11:45:10,354 - WARNING - No working proxies available for view worker, waiting...
2025-05-10 11:45:36,600 - WARNING - No working proxies available for view worker, waiting...
2025-05-10 11:45:36,694 - WARNING - No working proxies available for view worker, waiting...
2025-05-10 11:45:36,695 - WARNING - No working proxies available for view worker, waiting...
2025-05-10 11:45:36,696 - WARNING - No working proxies available for view worker, waiting...
2025-05-10 11:45:40,215 - WARNING - No working proxies available for view worker, waiting...
2025-05-10 11:45:40,277 - WARNING - No working proxies available for view worker, waiting...
2025-05-10 11:45:40,369 - WARNING - No working proxies available for view worker, waiting...
2025-05-10 11:46:06,618 - WARNING - No working proxies available for view worker, waiting...
2025-05-10 11:46:06,713 - WARNING - No working proxies available for view worker, waiting...
2025-05-10 11:46:06,713 - WARNING - No working proxies available for view worker, waiting...
2025-05-10 11:46:06,713 - WARNING - No working proxies available for view worker, waiting...
2025-05-10 11:46:10,229 - WARNING - No working proxies available for view worker, waiting...
2025-05-10 11:46:10,291 - WARNING - No working proxies available for view worker, waiting...
2025-05-10 11:46:10,371 - WARNING - No working proxies available for view worker, waiting...
2025-05-10 11:46:36,621 - WARNING - No working proxies available for view worker, waiting...
2025-05-10 11:46:36,716 - WARNING - No working proxies available for view worker, waiting...
2025-05-10 11:46:36,717 - WARNING - No working proxies available for view worker, waiting...
2025-05-10 11:46:36,717 - WARNING - No working proxies available for view worker, waiting...
2025-05-10 11:46:40,241 - WARNING - No working proxies available for view worker, waiting...
2025-05-10 11:46:40,303 - WARNING - No working proxies available for view worker, waiting...
2025-05-10 11:46:40,397 - WARNING - No working proxies available for view worker, waiting...
2025-05-10 11:47:06,642 - WARNING - No working proxies available for view worker, waiting...
2025-05-10 11:47:06,735 - WARNING - No working proxies available for view worker, waiting...
2025-05-10 11:47:06,737 - WARNING - No working proxies available for view worker, waiting...
2025-05-10 11:47:06,738 - WARNING - No working proxies available for view worker, waiting...
2025-05-10 11:47:10,246 - WARNING - No working proxies available for view worker, waiting...
2025-05-10 11:47:10,308 - WARNING - No working proxies available for view worker, waiting...
2025-05-10 11:47:10,388 - WARNING - No working proxies available for view worker, waiting...
2025-05-10 11:47:36,640 - WARNING - No working proxies available for view worker, waiting...
2025-05-10 11:47:36,748 - WARNING - No working proxies available for view worker, waiting...
2025-05-10 11:47:36,750 - WARNING - No working proxies available for view worker, waiting...
2025-05-10 11:47:36,750 - WARNING - No working proxies available for view worker, waiting...
2025-05-10 11:47:40,254 - WARNING - No working proxies available for view worker, waiting...
2025-05-10 11:47:40,331 - WARNING - No working proxies available for view worker, waiting...
2025-05-10 11:47:40,408 - WARNING - No working proxies available for view worker, waiting...
2025-05-10 11:48:06,657 - WARNING - No working proxies available for view worker, waiting...
2025-05-10 11:48:06,767 - WARNING - No working proxies available for view worker, waiting...
2025-05-10 11:48:06,768 - WARNING - No working proxies available for view worker, waiting...
2025-05-10 11:48:06,769 - WARNING - No working proxies available for view worker, waiting...
2025-05-10 11:48:10,270 - WARNING - No working proxies available for view worker, waiting...
2025-05-10 11:48:10,347 - WARNING - No working proxies available for view worker, waiting...
2025-05-10 11:48:10,424 - WARNING - No working proxies available for view worker, waiting...
2025-05-10 11:48:36,661 - WARNING - No working proxies available for view worker, waiting...
2025-05-10 11:48:36,772 - WARNING - No working proxies available for view worker, waiting...
2025-05-10 11:48:36,774 - WARNING - No working proxies available for view worker, waiting...
2025-05-10 11:48:36,775 - WARNING - No working proxies available for view worker, waiting...
2025-05-10 11:48:40,280 - WARNING - No working proxies available for view worker, waiting...
2025-05-10 11:48:40,358 - WARNING - No working proxies available for view worker, waiting...
2025-05-10 11:48:40,435 - WARNING - No working proxies available for view worker, waiting...
2025-05-10 11:49:06,667 - WARNING - No working proxies available for view worker, waiting...
2025-05-10 11:49:06,779 - WARNING - No working proxies available for view worker, waiting...
2025-05-10 11:49:06,780 - WARNING - No working proxies available for view worker, waiting...
2025-05-10 11:49:06,781 - WARNING - No working proxies available for view worker, waiting...
2025-05-10 11:49:10,290 - WARNING - No working proxies available for view worker, waiting...
2025-05-10 11:49:10,369 - WARNING - No working proxies available for view worker, waiting...
2025-05-10 11:49:10,463 - WARNING - No working proxies available for view worker, waiting...
2025-05-10 11:49:11,418 - INFO - === ViewBot Stats [00:20:01] ===
2025-05-10 11:49:11,419 - INFO - Views: 0 (0.0/hour)
2025-05-10 11:49:11,420 - INFO - Claps: 0 (0.0/hour)
2025-05-10 11:49:11,421 - INFO - Comments: 0 (0.0/hour)
2025-05-10 11:49:11,421 - INFO - Follows: 0
2025-05-10 11:49:11,422 - INFO - Success rate: 0.0%
2025-05-10 11:49:11,423 - INFO - Proxies: 0/0 (0.0% success)
2025-05-10 11:49:36,677 - WARNING - No working proxies available for view worker, waiting...
2025-05-10 11:49:36,802 - WARNING - No working proxies available for view worker, waiting...
2025-05-10 11:49:36,803 - WARNING - No working proxies available for view worker, waiting...
2025-05-10 11:49:36,804 - WARNING - No working proxies available for view worker, waiting...
2025-05-10 11:49:40,317 - WARNING - No working proxies available for view worker, waiting...
2025-05-10 11:49:40,379 - WARNING - No working proxies available for view worker, waiting...
2025-05-10 11:49:40,472 - WARNING - No working proxies available for view worker, waiting...
2025-05-10 11:50:06,691 - WARNING - No working proxies available for view worker, waiting...
2025-05-10 11:50:06,801 - WARNING - No working proxies available for view worker, waiting...
2025-05-10 11:50:06,801 - WARNING - No working proxies available for view worker, waiting...
2025-05-10 11:50:06,801 - WARNING - No working proxies available for view worker, waiting...
2025-05-10 11:50:10,333 - WARNING - No working proxies available for view worker, waiting...
2025-05-10 11:50:10,393 - WARNING - No working proxies available for view worker, waiting...
2025-05-10 11:50:10,486 - WARNING - No working proxies available for view worker, waiting...
2025-05-10 11:50:36,697 - WARNING - No working proxies available for view worker, waiting...
2025-05-10 11:50:36,820 - WARNING - No working proxies available for view worker, waiting...
2025-05-10 11:50:36,821 - WARNING - No working proxies available for view worker, waiting...
2025-05-10 11:50:36,821 - WARNING - No working proxies available for view worker, waiting...
2025-05-10 11:50:40,344 - WARNING - No working proxies available for view worker, waiting...
2025-05-10 11:50:40,406 - WARNING - No working proxies available for view worker, waiting...
2025-05-10 11:50:40,500 - WARNING - No working proxies available for view worker, waiting...
2025-05-10 11:51:06,695 - WARNING - No working proxies available for view worker, waiting...
2025-05-10 11:51:06,823 - WARNING - No working proxies available for view worker, waiting...
2025-05-10 11:51:06,824 - WARNING - No working proxies available for view worker, waiting...
2025-05-10 11:51:06,824 - WARNING - No working proxies available for view worker, waiting...
2025-05-10 11:51:10,349 - WARNING - No working proxies available for view worker, waiting...
2025-05-10 11:51:10,426 - WARNING - No working proxies available for view worker, waiting...
2025-05-10 11:51:10,520 - WARNING - No working proxies available for view worker, waiting...
2025-05-10 11:51:36,709 - WARNING - No working proxies available for view worker, waiting...
2025-05-10 11:51:36,838 - WARNING - No working proxies available for view worker, waiting...
2025-05-10 11:51:36,839 - WARNING - No working proxies available for view worker, waiting...
2025-05-10 11:51:36,839 - WARNING - No working proxies available for view worker, waiting...
2025-05-10 11:51:40,353 - WARNING - No working proxies available for view worker, waiting...
2025-05-10 11:51:40,447 - WARNING - No working proxies available for view worker, waiting...
2025-05-10 11:51:40,540 - WARNING - No working proxies available for view worker, waiting...
2025-05-10 11:52:06,720 - WARNING - No working proxies available for view worker, waiting...
2025-05-10 11:52:06,859 - WARNING - No working proxies available for view worker, waiting...
2025-05-10 11:52:06,860 - WARNING - No working proxies available for view worker, waiting...
2025-05-10 11:52:06,860 - WARNING - No working proxies available for view worker, waiting...
2025-05-10 11:52:10,357 - WARNING - No working proxies available for view worker, waiting...
2025-05-10 11:52:10,450 - WARNING - No working proxies available for view worker, waiting...
2025-05-10 11:52:10,544 - WARNING - No working proxies available for view worker, waiting...
2025-05-10 11:52:36,731 - WARNING - No working proxies available for view worker, waiting...
2025-05-10 11:52:36,869 - WARNING - No working proxies available for view worker, waiting...
2025-05-10 11:52:36,870 - WARNING - No working proxies available for view worker, waiting...
2025-05-10 11:52:36,870 - WARNING - No working proxies available for view worker, waiting...
2025-05-10 11:52:40,358 - WARNING - No working proxies available for view worker, waiting...
2025-05-10 11:52:40,467 - WARNING - No working proxies available for view worker, waiting...
2025-05-10 11:52:40,560 - WARNING - No working proxies available for view worker, waiting...
2025-05-10 11:53:06,735 - WARNING - No working proxies available for view worker, waiting...
2025-05-10 11:53:06,890 - WARNING - No working proxies available for view worker, waiting...
2025-05-10 11:53:06,891 - WARNING - No working proxies available for view worker, waiting...
2025-05-10 11:53:06,892 - WARNING - No working proxies available for view worker, waiting...
2025-05-10 11:53:10,377 - WARNING - No working proxies available for view worker, waiting...
2025-05-10 11:53:10,485 - WARNING - No working proxies available for view worker, waiting...
2025-05-10 11:53:10,564 - WARNING - No working proxies available for view worker, waiting...
2025-05-10 11:53:36,751 - WARNING - No working proxies available for view worker, waiting...
2025-05-10 11:53:36,909 - WARNING - No working proxies available for view worker, waiting...
2025-05-10 11:53:36,910 - WARNING - No working proxies available for view worker, waiting...
2025-05-10 11:53:36,911 - WARNING - No working proxies available for view worker, waiting...
2025-05-10 11:53:40,394 - WARNING - No working proxies available for view worker, waiting...
2025-05-10 11:53:40,504 - WARNING - No working proxies available for view worker, waiting...
2025-05-10 11:53:40,567 - WARNING - No working proxies available for view worker, waiting...
2025-05-10 11:54:06,766 - WARNING - No working proxies available for view worker, waiting...
2025-05-10 11:54:06,909 - WARNING - No working proxies available for view worker, waiting...
2025-05-10 11:54:06,910 - WARNING - No working proxies available for view worker, waiting...
2025-05-10 11:54:06,911 - WARNING - No working proxies available for view worker, waiting...
2025-05-10 11:54:10,405 - WARNING - No working proxies available for view worker, waiting...
2025-05-10 11:54:10,500 - WARNING - No working proxies available for view worker, waiting...
2025-05-10 11:54:10,579 - WARNING - No working proxies available for view worker, waiting...
2025-05-10 11:54:11,771 - INFO - === ViewBot Stats [00:25:01] ===
2025-05-10 11:54:11,772 - INFO - Views: 0 (0.0/hour)
2025-05-10 11:54:11,773 - INFO - Claps: 0 (0.0/hour)
2025-05-10 11:54:11,774 - INFO - Comments: 0 (0.0/hour)
2025-05-10 11:54:11,775 - INFO - Follows: 0
2025-05-10 11:54:11,776 - INFO - Success rate: 0.0%
2025-05-10 11:54:11,776 - INFO - Proxies: 0/0 (0.0% success)
2025-05-10 11:54:36,781 - WARNING - No working proxies available for view worker, waiting...
2025-05-10 11:54:36,921 - WARNING - No working proxies available for view worker, waiting...
2025-05-10 11:54:36,923 - WARNING - No working proxies available for view worker, waiting...
2025-05-10 11:54:36,924 - WARNING - No working proxies available for view worker, waiting...
2025-05-10 11:54:40,422 - WARNING - No working proxies available for view worker, waiting...
2025-05-10 11:54:40,515 - WARNING - No working proxies available for view worker, waiting...
2025-05-10 11:54:40,592 - WARNING - No working proxies available for view worker, waiting...
2025-05-10 11:55:06,792 - WARNING - No working proxies available for view worker, waiting...
2025-05-10 11:55:06,933 - WARNING - No working proxies available for view worker, waiting...
2025-05-10 11:55:06,934 - WARNING - No working proxies available for view worker, waiting...
2025-05-10 11:55:06,935 - WARNING - No working proxies available for view worker, waiting...
2025-05-10 11:55:10,430 - WARNING - No working proxies available for view worker, waiting...
2025-05-10 11:55:10,538 - WARNING - No working proxies available for view worker, waiting...
2025-05-10 11:55:10,602 - WARNING - No working proxies available for view worker, waiting...
2025-05-10 11:55:36,812 - WARNING - No working proxies available for view worker, waiting...
2025-05-10 11:55:36,953 - WARNING - No working proxies available for view worker, waiting...
2025-05-10 11:55:36,954 - WARNING - No working proxies available for view worker, waiting...
2025-05-10 11:55:36,955 - WARNING - No working proxies available for view worker, waiting...
2025-05-10 11:55:40,440 - WARNING - No working proxies available for view worker, waiting...
2025-05-10 11:55:40,550 - WARNING - No working proxies available for view worker, waiting...
2025-05-10 11:55:40,613 - WARNING - No working proxies available for view worker, waiting...
2025-05-10 11:56:06,823 - WARNING - No working proxies available for view worker, waiting...
2025-05-10 11:56:06,963 - WARNING - No working proxies available for view worker, waiting...
2025-05-10 11:56:06,964 - WARNING - No working proxies available for view worker, waiting...
2025-05-10 11:56:06,964 - WARNING - No working proxies available for view worker, waiting...
2025-05-10 11:56:10,446 - WARNING - No working proxies available for view worker, waiting...
2025-05-10 11:56:10,555 - WARNING - No working proxies available for view worker, waiting...
2025-05-10 11:56:10,633 - WARNING - No working proxies available for view worker, waiting...
2025-05-10 11:56:36,848 - WARNING - No working proxies available for view worker, waiting...
2025-05-10 11:56:36,975 - WARNING - No working proxies available for view worker, waiting...
2025-05-10 11:56:36,976 - WARNING - No working proxies available for view worker, waiting...
2025-05-10 11:56:36,977 - WARNING - No working proxies available for view worker, waiting...
2025-05-10 11:56:40,451 - WARNING - No working proxies available for view worker, waiting...
2025-05-10 11:56:40,559 - WARNING - No working proxies available for view worker, waiting...
2025-05-10 11:56:40,636 - WARNING - No working proxies available for view worker, waiting...
2025-05-10 11:57:06,843 - WARNING - No working proxies available for view worker, waiting...
2025-05-10 11:57:06,984 - WARNING - No working proxies available for view worker, waiting...
2025-05-10 11:57:06,985 - WARNING - No working proxies available for view worker, waiting...
2025-05-10 11:57:06,986 - WARNING - No working proxies available for view worker, waiting...
2025-05-10 11:57:10,458 - WARNING - No working proxies available for view worker, waiting...
2025-05-10 11:57:10,583 - WARNING - No working proxies available for view worker, waiting...
2025-05-10 11:57:10,660 - WARNING - No working proxies available for view worker, waiting...
2025-05-10 11:57:36,850 - WARNING - No working proxies available for view worker, waiting...
2025-05-10 11:57:37,005 - WARNING - No working proxies available for view worker, waiting...
2025-05-10 11:57:37,006 - WARNING - No working proxies available for view worker, waiting...
2025-05-10 11:57:37,007 - WARNING - No working proxies available for view worker, waiting...
2025-05-10 11:57:40,467 - WARNING - No working proxies available for view worker, waiting...
2025-05-10 11:57:40,577 - WARNING - No working proxies available for view worker, waiting...
2025-05-10 11:57:40,670 - WARNING - No working proxies available for view worker, waiting...
2025-05-10 11:58:06,858 - WARNING - No working proxies available for view worker, waiting...
2025-05-10 11:58:07,012 - WARNING - No working proxies available for view worker, waiting...
2025-05-10 11:58:07,012 - WARNING - No working proxies available for view worker, waiting...
2025-05-10 11:58:07,012 - WARNING - No working proxies available for view worker, waiting...
2025-05-10 11:58:10,480 - WARNING - No working proxies available for view worker, waiting...
2025-05-10 11:58:10,588 - WARNING - No working proxies available for view worker, waiting...
2025-05-10 11:58:10,683 - WARNING - No working proxies available for view worker, waiting...
2025-05-10 11:58:17,119 - INFO - Botnet stopped by user.
