2025-05-10 01:10:19,460 - INFO - Running in view-only mode, sending 406 requests...
2025-05-10 01:12:36,078 - INFO - Running in view-only mode, sending 308 requests...
2025-05-10 01:14:00,275 - INFO - Starting ViewBot targeting: https://medium.com/@cgpt/is-vibe-coding-cheating-or-the-future-of-programming-in-the-workplace-216fe9d5084d
2025-05-10 01:14:00,275 - INFO - Configuration: {'target_url': 'https://medium.com/@cgpt/is-vibe-coding-cheating-or-the-future-of-programming-in-the-workplace-216fe9d5084d', 'webhook_url': 'https://discord.com/api/webhooks/1368210146949464214/QqgJoJOeI2qzfQjqlMCVWKgHpYqCZFGlVQ9EnugixWmwaP567xQw1w7l7DEm-pqOpP93', 'captcha_api_key': '80969a6e419944cb1ccc4efa737188a4', 'max_concurrent_threads': 7, 'requests_per_thread': <function main.<locals>.<lambda> at 0x0000017C89F92CA0>, 'delay_between_requests': <function main.<locals>.<lambda> at 0x0000017C865DDA80>, 'use_tor': False, 'use_freedium': True, 'log_level': 20, 'browser_timeout': 30, 'read_time_min': 60, 'read_time_max': 300, 'clap_probability': 0.7, 'comment_probability': 0.3, 'follow_probability': 0.4, 'starting_articles': ['https://medium.com/the-narrative-arc/if-you-want-to-be-a-writer-maybe-read-this-first-okay-54a341d293e6']}
2025-05-10 01:14:00,305 - INFO - Starting 7 view workers...
2025-05-10 01:14:00,306 - INFO - Starting 2 interaction workers...
2025-05-10 01:14:26,450 - INFO - Loading article: https://freedium.cfd/https://medium.com/the-narrative-arc/if-you-want-to-be-a-writer-maybe-read-this-first-okay-54a341d293e6
2025-05-10 01:14:56,461 - ERROR - Error interacting with article: Message: timeout: Timed out receiving message from renderer: -0.004
  (Session info: chrome=136.0.7103.92)
Stacktrace:
	GetHandleVerifier [0x00007FF66C9ACF25+75717]
	GetHandleVerifier [0x00007FF66C9ACF80+75808]
	(No symbol) [0x00007FF66C778F9A]
	(No symbol) [0x00007FF66C7664EC]
	(No symbol) [0x00007FF66C7661DA]
	(No symbol) [0x00007FF66C763E8A]
	(No symbol) [0x00007FF66C76483F]
	(No symbol) [0x00007FF66C7733AE]
	(No symbol) [0x00007FF66C7897E1]
	(No symbol) [0x00007FF66C79091A]
	(No symbol) [0x00007FF66C764FAD]
	(No symbol) [0x00007FF66C7894D0]
	(No symbol) [0x00007FF66C81F276]
	(No symbol) [0x00007FF66C7F7153]
	(No symbol) [0x00007FF66C7C0421]
	(No symbol) [0x00007FF66C7C11B3]
	GetHandleVerifier [0x00007FF66CCAD6FD+3223453]
	GetHandleVerifier [0x00007FF66CCA7CA2+3200322]
	GetHandleVerifier [0x00007FF66CCC5AD3+3322739]
	GetHandleVerifier [0x00007FF66C9C69FA+180890]
	GetHandleVerifier [0x00007FF66C9CE0FF+211359]
	GetHandleVerifier [0x00007FF66C9B5274+109332]
	GetHandleVerifier [0x00007FF66C9B5422+109762]
	GetHandleVerifier [0x00007FF66C99BA39+4825]
	BaseThreadInitThunk [0x00007FF9EE9AE8D7+23]
	RtlUserThreadStart [0x00007FF9EFB9C5DC+44]

2025-05-10 01:15:02,912 - INFO - === ViewBot Stats [00:01:02] ===
2025-05-10 01:15:02,912 - INFO - Views: 0 (0.0/hour)
2025-05-10 01:15:02,913 - INFO - Claps: 0 (0.0/hour)
2025-05-10 01:15:02,913 - INFO - Comments: 0 (0.0/hour)
2025-05-10 01:15:02,913 - INFO - Follows: 0
2025-05-10 01:15:02,913 - INFO - Success rate: 0.0%
2025-05-10 01:15:02,914 - INFO - Proxies: 16/16 (0.0% success)
2025-05-10 01:15:03,321 - INFO - Webhook sent successfully
2025-05-10 01:15:03,322 - ERROR - Error sending view request: 
2025-05-10 01:15:03,323 - ERROR - Error sending view request: 
2025-05-10 01:15:03,323 - ERROR - Error sending view request: 
2025-05-10 01:15:03,324 - ERROR - Error sending view request: 
2025-05-10 01:15:03,324 - ERROR - Error sending view request: 
2025-05-10 01:15:03,325 - ERROR - Error sending view request: 
2025-05-10 01:15:03,325 - ERROR - Error sending view request: 
2025-05-10 01:15:31,521 - ERROR - Error sending view request: 400, message='Bad Request', url=URL('http://37.140.51.159:80')
2025-05-10 01:15:31,776 - ERROR - Error sending view request: [WinError 64] The specified network name is no longer available
2025-05-10 01:15:31,807 - ERROR - Error sending view request: [WinError 64] The specified network name is no longer available
2025-05-10 01:15:31,827 - ERROR - Error sending view request: [WinError 64] The specified network name is no longer available
2025-05-10 01:15:35,968 - ERROR - Error sending view request: Cannot connect to host medium.com:443 ssl:True [SSLCertVerificationError: (1, '[SSL: CERTIFICATE_VERIFY_FAILED] certificate verify failed: self-signed certificate (_ssl.c:1010)')]
2025-05-10 01:15:37,769 - INFO - View request successful: 200
2025-05-10 01:15:39,187 - INFO - View request successful: 200
2025-05-10 01:16:00,026 - ERROR - Error sending view request: [WinError 64] The specified network name is no longer available
2025-05-10 01:16:00,303 - ERROR - Error sending view request: [WinError 64] The specified network name is no longer available
2025-05-10 01:16:00,319 - ERROR - Error sending view request: [WinError 64] The specified network name is no longer available
2025-05-10 01:16:14,405 - ERROR - Error sending view request: [WinError 64] The specified network name is no longer available
2025-05-10 01:16:16,187 - ERROR - Error sending view request: 504, message='Gateway Time-out', url=URL('http://8.219.97.248:80')
2025-05-10 01:16:19,367 - ERROR - Error sending view request: [WinError 64] The specified network name is no longer available
2025-05-10 01:16:24,620 - ERROR - Error sending view request: Cannot connect to host medium.com:443 ssl:True [SSLCertVerificationError: (1, '[SSL: CERTIFICATE_VERIFY_FAILED] certificate verify failed: self-signed certificate (_ssl.c:1010)')]
2025-05-10 01:16:34,361 - INFO - View request successful: 200
2025-05-10 01:16:47,781 - ERROR - Error sending view request: [WinError 64] The specified network name is no longer available
2025-05-10 01:16:47,781 - INFO - Removing proxy http://8.212.165.164:1000 due to excessive failures
2025-05-10 01:16:48,121 - ERROR - Error sending view request: Server disconnected
2025-05-10 01:16:48,746 - ERROR - Error sending view request: [WinError 64] The specified network name is no longer available
2025-05-10 01:16:48,747 - INFO - Removing proxy http://8.213.129.15:50001 due to excessive failures
2025-05-10 01:17:01,378 - INFO - View request successful: 200
2025-05-10 01:17:01,864 - ERROR - Error sending view request: [WinError 64] The specified network name is no longer available
2025-05-10 01:17:02,774 - ERROR - Error sending view request: [WinError 64] The specified network name is no longer available
2025-05-10 01:17:03,004 - ERROR - Error sending view request: 504, message='Gateway Time-out', url=URL('http://8.219.97.248:80')
2025-05-10 01:17:03,004 - INFO - Removing proxy http://8.219.97.248:80 due to excessive failures
2025-05-10 01:17:16,541 - ERROR - Error sending view request: [WinError 64] The specified network name is no longer available
2025-05-10 01:17:16,541 - INFO - Removing proxy http://8.146.200.53:8080 due to excessive failures
2025-05-10 01:17:17,172 - ERROR - Error sending view request: [WinError 64] The specified network name is no longer available
2025-05-10 01:17:31,502 - ERROR - Error sending view request: [WinError 64] The specified network name is no longer available
2025-05-10 01:17:32,814 - INFO - View request successful: 200
2025-05-10 01:17:33,100 - INFO - View request successful: 200
2025-05-10 01:17:35,590 - INFO - View request successful: 200
2025-05-10 01:17:46,728 - ERROR - Error sending view request: 
2025-05-10 01:18:00,001 - ERROR - Error sending view request: [WinError 64] The specified network name is no longer available
2025-05-10 01:18:00,001 - INFO - Removing proxy http://8.130.37.235:9080 due to excessive failures
2025-05-10 01:18:04,584 - ERROR - Error sending view request: [WinError 64] The specified network name is no longer available
2025-05-10 01:18:06,638 - INFO - View request successful: 200
2025-05-10 01:18:07,156 - INFO - View request successful: 200
2025-05-10 01:18:07,259 - INFO - View request successful: 200
2025-05-10 01:18:12,758 - ERROR - Error sending view request: Server disconnected
2025-05-10 01:18:31,107 - INFO - View request successful: 200
2025-05-10 01:18:33,103 - ERROR - Error sending view request: [WinError 64] The specified network name is no longer available
2025-05-10 01:18:33,103 - INFO - Removing proxy http://8.130.34.237:5555 due to excessive failures
2025-05-10 01:18:34,277 - ERROR - Error sending view request: [WinError 64] The specified network name is no longer available
2025-05-10 01:18:35,147 - ERROR - Error sending view request: [WinError 64] The specified network name is no longer available
2025-05-10 01:18:35,148 - INFO - Removing proxy http://8.130.39.117:8001 due to excessive failures
2025-05-10 01:18:40,775 - INFO - View request successful: 200
2025-05-10 01:18:49,956 - INFO - View request successful: 200
2025-05-10 01:18:51,743 - INFO - View request successful: 200
2025-05-10 01:19:01,618 - ERROR - Error sending view request: [WinError 64] The specified network name is no longer available
2025-05-10 01:19:01,619 - INFO - Removing proxy http://8.130.36.245:80 due to excessive failures
2025-05-10 01:19:05,776 - INFO - View request successful: 200
2025-05-10 01:19:10,470 - ERROR - Error sending view request: Cannot connect to host medium.com:443 ssl:True [SSLCertVerificationError: (1, '[SSL: CERTIFICATE_VERIFY_FAILED] certificate verify failed: self-signed certificate (_ssl.c:1010)')]
2025-05-10 01:19:10,470 - INFO - Removing proxy http://8.213.222.157:3128 due to excessive failures
2025-05-10 01:19:23,572 - INFO - View request successful: 200
2025-05-10 01:19:25,120 - ERROR - Error sending view request: Server disconnected
2025-05-10 01:19:25,193 - INFO - View request successful: 200
2025-05-10 01:19:32,002 - INFO - View request successful: 200
2025-05-10 01:19:44,777 - INFO - View request successful: 200
2025-05-10 01:19:47,092 - INFO - View request successful: 200
2025-05-10 01:19:52,065 - ERROR - Error sending view request: [WinError 64] The specified network name is no longer available
2025-05-10 01:19:52,065 - INFO - Removing proxy http://39.100.88.89:9080 due to excessive failures
2025-05-10 01:19:55,694 - INFO - View request successful: 200
2025-05-10 01:19:56,545 - INFO - View request successful: 200
2025-05-10 01:19:59,742 - ERROR - Error sending view request: 
2025-05-10 01:20:02,933 - INFO - View request successful: 200
2025-05-10 01:20:03,326 - INFO - === ViewBot Stats [00:06:03] ===
2025-05-10 01:20:03,326 - INFO - Views: 23 (228.07/hour)
2025-05-10 01:20:03,326 - INFO - Claps: 0 (0.0/hour)
2025-05-10 01:20:03,327 - INFO - Comments: 0 (0.0/hour)
2025-05-10 01:20:03,327 - INFO - Follows: 0
2025-05-10 01:20:03,327 - INFO - Success rate: 35.94%
2025-05-10 01:20:03,328 - INFO - Proxies: 6/6 (76.67% success)
2025-05-10 01:20:04,823 - INFO - Webhook sent successfully
2025-05-10 01:20:19,214 - INFO - View request successful: 200
2025-05-10 01:20:25,846 - INFO - View request successful: 200
2025-05-10 01:20:26,380 - INFO - View request successful: 200
2025-05-10 01:52:05,789 - INFO - Starting ViewBot targeting: https://medium.com/@cgpt/is-vibe-coding-cheating-or-the-future-of-programming-in-the-workplace-216fe9d5084d
2025-05-10 01:52:05,790 - INFO - Configuration: {'target_url': 'https://medium.com/@cgpt/is-vibe-coding-cheating-or-the-future-of-programming-in-the-workplace-216fe9d5084d', 'webhook_url': 'https://discord.com/api/webhooks/1368210146949464214/QqgJoJOeI2qzfQjqlMCVWKgHpYqCZFGlVQ9EnugixWmwaP567xQw1w7l7DEm-pqOpP93', 'captcha_api_key': '80969a6e419944cb1ccc4efa737188a4', 'max_concurrent_threads': 4, 'requests_per_thread': <function main.<locals>.<lambda> at 0x0000028D2CB0ED40>, 'delay_between_requests': <function main.<locals>.<lambda> at 0x0000028D281ADBC0>, 'use_tor': False, 'use_freedium': True, 'log_level': 20, 'browser_timeout': 30, 'read_time_min': 150, 'read_time_max': 900, 'clap_probability': 0.7, 'comment_probability': 0.3, 'follow_probability': 0.4, 'starting_articles': ['https://medium.com/the-narrative-arc/if-you-want-to-be-a-writer-maybe-read-this-first-okay-54a341d293e6']}
2025-05-10 01:52:05,790 - INFO - Starting 4 view workers...
2025-05-10 01:52:05,790 - INFO - Starting 1 interaction workers...
2025-05-10 01:52:08,450 - ERROR - Error creating browser: Message: Service C:\Users\phine\.cache\selenium\chromedriver\win64\136.0.7103.92\chromedriver.exe unexpectedly exited. Status code was: 3221225786

2025-05-10 01:52:12,640 - ERROR - Failed to create browser
2025-05-10 02:15:42,840 - INFO - Starting ViewBot targeting: https://medium.com/@cgpt/is-vibe-coding-cheating-or-the-future-of-programming-in-the-workplace-216fe9d5084d
2025-05-10 02:15:42,840 - INFO - Configuration: {'target_url': 'https://medium.com/@cgpt/is-vibe-coding-cheating-or-the-future-of-programming-in-the-workplace-216fe9d5084d', 'webhook_url': 'https://discord.com/api/webhooks/1368210146949464214/QqgJoJOeI2qzfQjqlMCVWKgHpYqCZFGlVQ9EnugixWmwaP567xQw1w7l7DEm-pqOpP93', 'captcha_api_key': '80969a6e419944cb1ccc4efa737188a4', 'max_concurrent_threads': 4, 'requests_per_thread': <function main.<locals>.<lambda> at 0x00000142B226E5C0>, 'delay_between_requests': <function main.<locals>.<lambda> at 0x00000142B0A85BC0>, 'use_tor': False, 'use_freedium': True, 'log_level': 20, 'browser_timeout': 30, 'read_time_min': 150, 'read_time_max': 900, 'clap_probability': 0.7, 'comment_probability': 0.3, 'follow_probability': 0.4, 'starting_articles': ['https://medium.com/the-narrative-arc/if-you-want-to-be-a-writer-maybe-read-this-first-okay-54a341d293e6']}
2025-05-10 02:15:42,841 - INFO - Starting 4 view workers...
2025-05-10 02:15:42,841 - INFO - Starting 1 interaction workers...
2025-05-10 02:15:45,530 - INFO - Loading article: https://freedium.cfd/https://medium.com/the-narrative-arc/if-you-want-to-be-a-writer-maybe-read-this-first-okay-54a341d293e6
2025-05-10 02:16:19,917 - INFO - Reading article for ~150.0s with 7 scroll segments
2025-05-10 02:19:02,217 - ERROR - Error while clapping: Message: 
Stacktrace:
	GetHandleVerifier [0x00007FF66C9ACF25+75717]
	GetHandleVerifier [0x00007FF66C9ACF80+75808]
	(No symbol) [0x00007FF66C778F9A]
	(No symbol) [0x00007FF66C7CF4C6]
	(No symbol) [0x00007FF66C7CF77C]
	(No symbol) [0x00007FF66C822577]
	(No symbol) [0x00007FF66C7F73BF]
	(No symbol) [0x00007FF66C81F39C]
	(No symbol) [0x00007FF66C7F7153]
	(No symbol) [0x00007FF66C7C0421]
	(No symbol) [0x00007FF66C7C11B3]
	GetHandleVerifier [0x00007FF66CCAD6FD+3223453]
	GetHandleVerifier [0x00007FF66CCA7CA2+3200322]
	GetHandleVerifier [0x00007FF66CCC5AD3+3322739]
	GetHandleVerifier [0x00007FF66C9C69FA+180890]
	GetHandleVerifier [0x00007FF66C9CE0FF+211359]
	GetHandleVerifier [0x00007FF66C9B5274+109332]
	GetHandleVerifier [0x00007FF66C9B5422+109762]
	GetHandleVerifier [0x00007FF66C99BA39+4825]
	BaseThreadInitThunk [0x00007FF9EE9AE8D7+23]
	RtlUserThreadStart [0x00007FF9EFB9C5DC+44]

2025-05-10 02:19:11,529 - WARNING - Could not find next or related article
2025-05-10 02:19:11,951 - INFO - Webhook sent successfully
2025-05-10 02:19:19,931 - INFO - === ViewBot Stats [00:03:37] ===
2025-05-10 02:19:19,931 - INFO - Views: 1 (16.58/hour)
2025-05-10 02:19:19,931 - INFO - Claps: 0 (0.0/hour)
2025-05-10 02:19:19,931 - INFO - Comments: 0 (0.0/hour)
2025-05-10 02:19:19,931 - INFO - Follows: 0
2025-05-10 02:19:19,931 - INFO - Success rate: 100.0%
2025-05-10 02:19:19,931 - INFO - Proxies: 16/16 (100.0% success)
2025-05-10 02:19:20,229 - INFO - Webhook sent successfully
2025-05-10 02:19:20,229 - ERROR - Error sending view request: 
2025-05-10 02:19:20,230 - ERROR - Error sending view request: 
2025-05-10 02:19:20,230 - ERROR - Error sending view request: 
2025-05-10 02:19:20,233 - ERROR - Error sending view request: 
2025-05-10 02:19:59,717 - ERROR - Error sending view request: [WinError 64] The specified network name is no longer available
2025-05-10 02:19:59,729 - ERROR - Error sending view request: [WinError 64] The specified network name is no longer available
2025-05-10 02:20:04,336 - INFO - View request successful: 200
2025-05-10 02:20:04,417 - ERROR - Error sending view request: Cannot connect to host medium.com:443 ssl:True [SSLCertVerificationError: (1, '[SSL: CERTIFICATE_VERIFY_FAILED] certificate verify failed: self-signed certificate (_ssl.c:1010)')]
2025-05-10 02:20:43,211 - ERROR - Error sending view request: Cannot connect to host medium.com:443 ssl:default [[SSL: WRONG_VERSION_NUMBER] wrong version number (_ssl.c:1010)]
2025-05-10 02:20:50,094 - INFO - View request successful: 200
2025-05-10 02:20:50,951 - INFO - View request successful: 200
2025-05-10 02:20:52,999 - ERROR - Error sending view request: Cannot connect to host medium.com:443 ssl:True [SSLCertVerificationError: (1, '[SSL: CERTIFICATE_VERIFY_FAILED] certificate verify failed: self-signed certificate (_ssl.c:1010)')]
2025-05-10 02:21:22,692 - ERROR - Error sending view request: [WinError 64] The specified network name is no longer available
2025-05-10 02:21:30,947 - ERROR - Error sending view request: [WinError 64] The specified network name is no longer available
2025-05-10 02:21:32,493 - ERROR - Error sending view request: [WinError 64] The specified network name is no longer available
2025-05-10 02:21:48,717 - ERROR - Error sending view request: [WinError 64] The specified network name is no longer available
2025-05-10 02:22:09,653 - INFO - View request successful: 200
2025-05-10 02:22:10,133 - ERROR - Error sending view request: 400, message='Bad Request', url=URL('http://37.140.51.159:80')
